1671449235.657772 client started (690320): version 3.2a, socket /tmp/tmux-1000/default, protocol 8
1671449235.657788 on Linux 5.15.0-56-generic #62-Ubuntu SMP Tue Nov 22 19:54:14 UTC 2022
1671449235.657794 using libevent 2.1.12-stable (poll); ncurses 6.3
1671449235.657804 flags are 0x10010000
1671449235.657807 socket is /tmp/tmux-1000/default
1671449235.657814 trying connect
1671449235.657856 add peer 0x55bce4b5a9c0: 6 ((nil))
1671449235.658112 sending message 100 to peer 0x55bce4b5a9c0 (4 bytes)
1671449235.658118 sending message 111 to peer 0x55bce4b5a9c0 (8 bytes)
1671449235.658121 sending message 101 to peer 0x55bce4b5a9c0 (15 bytes)
1671449235.658124 sending message 109 to peer 0x55bce4b5a9c0 (4 bytes)
1671449235.658127 sending message 102 to peer 0x55bce4b5a9c0 (11 bytes)
1671449235.658130 sending message 108 to peer 0x55bce4b5a9c0 (23 bytes)
1671449235.658132 sending message 112 to peer 0x55bce4b5a9c0 (58 bytes)
1671449235.658135 sending message 112 to peer 0x55bce4b5a9c0 (5 bytes)
1671449235.658138 sending message 112 to peer 0x55bce4b5a9c0 (5 bytes)
1671449235.658141 sending message 112 to peer 0x55bce4b5a9c0 (6 bytes)
1671449235.658144 sending message 112 to peer 0x55bce4b5a9c0 (6 bytes)
1671449235.658146 sending message 112 to peer 0x55bce4b5a9c0 (11 bytes)
1671449235.658149 sending message 112 to peer 0x55bce4b5a9c0 (10 bytes)
1671449235.658152 sending message 112 to peer 0x55bce4b5a9c0 (13 bytes)
1671449235.658154 sending message 112 to peer 0x55bce4b5a9c0 (14 bytes)
1671449235.658157 sending message 112 to peer 0x55bce4b5a9c0 (19 bytes)
1671449235.658159 sending message 112 to peer 0x55bce4b5a9c0 (11 bytes)
1671449235.658162 sending message 112 to peer 0x55bce4b5a9c0 (10 bytes)
1671449235.658165 sending message 112 to peer 0x55bce4b5a9c0 (15 bytes)
1671449235.658167 sending message 112 to peer 0x55bce4b5a9c0 (21 bytes)
1671449235.658170 sending message 112 to peer 0x55bce4b5a9c0 (13 bytes)
1671449235.658173 sending message 112 to peer 0x55bce4b5a9c0 (7 bytes)
1671449235.658176 sending message 112 to peer 0x55bce4b5a9c0 (13 bytes)
1671449235.658179 sending message 112 to peer 0x55bce4b5a9c0 (7 bytes)
1671449235.658181 sending message 112 to peer 0x55bce4b5a9c0 (13 bytes)
1671449235.658184 sending message 112 to peer 0x55bce4b5a9c0 (9 bytes)
1671449235.658187 sending message 112 to peer 0x55bce4b5a9c0 (21 bytes)
1671449235.658189 sending message 112 to peer 0x55bce4b5a9c0 (13 bytes)
1671449235.658192 sending message 112 to peer 0x55bce4b5a9c0 (9 bytes)
1671449235.658195 sending message 112 to peer 0x55bce4b5a9c0 (16 bytes)
1671449235.658197 sending message 112 to peer 0x55bce4b5a9c0 (13 bytes)
1671449235.658200 sending message 112 to peer 0x55bce4b5a9c0 (9 bytes)
1671449235.658203 sending message 112 to peer 0x55bce4b5a9c0 (9 bytes)
1671449235.658205 sending message 112 to peer 0x55bce4b5a9c0 (12 bytes)
1671449235.658208 sending message 112 to peer 0x55bce4b5a9c0 (8 bytes)
1671449235.658211 sending message 112 to peer 0x55bce4b5a9c0 (8 bytes)
1671449235.658213 sending message 112 to peer 0x55bce4b5a9c0 (13 bytes)
1671449235.658216 sending message 112 to peer 0x55bce4b5a9c0 (7 bytes)
1671449235.658218 sending message 112 to peer 0x55bce4b5a9c0 (7 bytes)
1671449235.658221 sending message 112 to peer 0x55bce4b5a9c0 (9 bytes)
1671449235.658223 sending message 112 to peer 0x55bce4b5a9c0 (9 bytes)
1671449235.658226 sending message 112 to peer 0x55bce4b5a9c0 (15 bytes)
1671449235.658229 sending message 112 to peer 0x55bce4b5a9c0 (13 bytes)
1671449235.658232 sending message 112 to peer 0x55bce4b5a9c0 (12 bytes)
1671449235.658234 sending message 112 to peer 0x55bce4b5a9c0 (8 bytes)
1671449235.658237 sending message 112 to peer 0x55bce4b5a9c0 (14 bytes)
1671449235.658240 sending message 112 to peer 0x55bce4b5a9c0 (11 bytes)
1671449235.658242 sending message 112 to peer 0x55bce4b5a9c0 (9 bytes)
1671449235.658245 sending message 112 to peer 0x55bce4b5a9c0 (10 bytes)
1671449235.658248 sending message 112 to peer 0x55bce4b5a9c0 (10 bytes)
1671449235.658250 sending message 112 to peer 0x55bce4b5a9c0 (10 bytes)
1671449235.658253 sending message 112 to peer 0x55bce4b5a9c0 (10 bytes)
1671449235.658260 sending message 112 to peer 0x55bce4b5a9c0 (11 bytes)
1671449235.658263 sending message 112 to peer 0x55bce4b5a9c0 (12 bytes)
1671449235.658265 sending message 112 to peer 0x55bce4b5a9c0 (12 bytes)
1671449235.658268 sending message 112 to peer 0x55bce4b5a9c0 (12 bytes)
1671449235.658271 sending message 112 to peer 0x55bce4b5a9c0 (12 bytes)
1671449235.658273 sending message 112 to peer 0x55bce4b5a9c0 (12 bytes)
1671449235.658276 sending message 112 to peer 0x55bce4b5a9c0 (11 bytes)
1671449235.658279 sending message 112 to peer 0x55bce4b5a9c0 (11 bytes)
1671449235.658281 sending message 112 to peer 0x55bce4b5a9c0 (12 bytes)
1671449235.658284 sending message 112 to peer 0x55bce4b5a9c0 (12 bytes)
1671449235.658287 sending message 112 to peer 0x55bce4b5a9c0 (12 bytes)
1671449235.658289 sending message 112 to peer 0x55bce4b5a9c0 (12 bytes)
1671449235.658292 sending message 112 to peer 0x55bce4b5a9c0 (12 bytes)
1671449235.658294 sending message 112 to peer 0x55bce4b5a9c0 (9 bytes)
1671449235.658297 sending message 112 to peer 0x55bce4b5a9c0 (12 bytes)
1671449235.658300 sending message 112 to peer 0x55bce4b5a9c0 (13 bytes)
1671449235.658302 sending message 112 to peer 0x55bce4b5a9c0 (13 bytes)
1671449235.658305 sending message 112 to peer 0x55bce4b5a9c0 (13 bytes)
1671449235.658307 sending message 112 to peer 0x55bce4b5a9c0 (13 bytes)
1671449235.658310 sending message 112 to peer 0x55bce4b5a9c0 (13 bytes)
1671449235.658313 sending message 112 to peer 0x55bce4b5a9c0 (8 bytes)
1671449235.658315 sending message 112 to peer 0x55bce4b5a9c0 (11 bytes)
1671449235.658318 sending message 112 to peer 0x55bce4b5a9c0 (11 bytes)
1671449235.658321 sending message 112 to peer 0x55bce4b5a9c0 (11 bytes)
1671449235.658323 sending message 112 to peer 0x55bce4b5a9c0 (12 bytes)
1671449235.658326 sending message 112 to peer 0x55bce4b5a9c0 (12 bytes)
1671449235.658328 sending message 112 to peer 0x55bce4b5a9c0 (12 bytes)
1671449235.658331 sending message 112 to peer 0x55bce4b5a9c0 (12 bytes)
1671449235.658334 sending message 112 to peer 0x55bce4b5a9c0 (13 bytes)
1671449235.658336 sending message 112 to peer 0x55bce4b5a9c0 (13 bytes)
1671449235.658339 sending message 112 to peer 0x55bce4b5a9c0 (13 bytes)
1671449235.658341 sending message 112 to peer 0x55bce4b5a9c0 (8 bytes)
1671449235.658344 sending message 112 to peer 0x55bce4b5a9c0 (13 bytes)
1671449235.658347 sending message 112 to peer 0x55bce4b5a9c0 (13 bytes)
1671449235.658349 sending message 112 to peer 0x55bce4b5a9c0 (13 bytes)
1671449235.658352 sending message 112 to peer 0x55bce4b5a9c0 (13 bytes)
1671449235.658355 sending message 112 to peer 0x55bce4b5a9c0 (13 bytes)
1671449235.658357 sending message 112 to peer 0x55bce4b5a9c0 (12 bytes)
1671449235.658360 sending message 112 to peer 0x55bce4b5a9c0 (12 bytes)
1671449235.658363 sending message 112 to peer 0x55bce4b5a9c0 (12 bytes)
1671449235.658365 sending message 112 to peer 0x55bce4b5a9c0 (12 bytes)
1671449235.658368 sending message 112 to peer 0x55bce4b5a9c0 (13 bytes)
1671449235.658370 sending message 112 to peer 0x55bce4b5a9c0 (8 bytes)
1671449235.658373 sending message 112 to peer 0x55bce4b5a9c0 (13 bytes)
1671449235.658375 sending message 112 to peer 0x55bce4b5a9c0 (13 bytes)
1671449235.658378 sending message 112 to peer 0x55bce4b5a9c0 (13 bytes)
1671449235.658381 sending message 112 to peer 0x55bce4b5a9c0 (13 bytes)
1671449235.658383 sending message 112 to peer 0x55bce4b5a9c0 (13 bytes)
1671449235.658386 sending message 112 to peer 0x55bce4b5a9c0 (13 bytes)
1671449235.658389 sending message 112 to peer 0x55bce4b5a9c0 (13 bytes)
1671449235.658391 sending message 112 to peer 0x55bce4b5a9c0 (12 bytes)
1671449235.658394 sending message 112 to peer 0x55bce4b5a9c0 (12 bytes)
1671449235.658396 sending message 112 to peer 0x55bce4b5a9c0 (12 bytes)
1671449235.658399 sending message 112 to peer 0x55bce4b5a9c0 (8 bytes)
1671449235.658402 sending message 112 to peer 0x55bce4b5a9c0 (12 bytes)
1671449235.658404 sending message 112 to peer 0x55bce4b5a9c0 (13 bytes)
1671449235.658407 sending message 112 to peer 0x55bce4b5a9c0 (13 bytes)
1671449235.658412 sending message 112 to peer 0x55bce4b5a9c0 (13 bytes)
1671449235.658415 sending message 112 to peer 0x55bce4b5a9c0 (13 bytes)
1671449235.658417 sending message 112 to peer 0x55bce4b5a9c0 (13 bytes)
1671449235.658420 sending message 112 to peer 0x55bce4b5a9c0 (13 bytes)
1671449235.658422 sending message 112 to peer 0x55bce4b5a9c0 (13 bytes)
1671449235.658425 sending message 112 to peer 0x55bce4b5a9c0 (13 bytes)
1671449235.658428 sending message 112 to peer 0x55bce4b5a9c0 (12 bytes)
1671449235.658430 sending message 112 to peer 0x55bce4b5a9c0 (10 bytes)
1671449235.658433 sending message 112 to peer 0x55bce4b5a9c0 (12 bytes)
1671449235.658436 sending message 112 to peer 0x55bce4b5a9c0 (12 bytes)
1671449235.658438 sending message 112 to peer 0x55bce4b5a9c0 (12 bytes)
1671449235.658441 sending message 112 to peer 0x55bce4b5a9c0 (13 bytes)
1671449235.658443 sending message 112 to peer 0x55bce4b5a9c0 (13 bytes)
1671449235.658446 sending message 112 to peer 0x55bce4b5a9c0 (13 bytes)
1671449235.658448 sending message 112 to peer 0x55bce4b5a9c0 (13 bytes)
1671449235.658451 sending message 112 to peer 0x55bce4b5a9c0 (13 bytes)
1671449235.658454 sending message 112 to peer 0x55bce4b5a9c0 (13 bytes)
1671449235.658456 sending message 112 to peer 0x55bce4b5a9c0 (13 bytes)
1671449235.658459 sending message 112 to peer 0x55bce4b5a9c0 (10 bytes)
1671449235.658461 sending message 112 to peer 0x55bce4b5a9c0 (13 bytes)
1671449235.658464 sending message 112 to peer 0x55bce4b5a9c0 (12 bytes)
1671449235.658466 sending message 112 to peer 0x55bce4b5a9c0 (12 bytes)
1671449235.658469 sending message 112 to peer 0x55bce4b5a9c0 (12 bytes)
1671449235.658472 sending message 112 to peer 0x55bce4b5a9c0 (10 bytes)
1671449235.658474 sending message 112 to peer 0x55bce4b5a9c0 (10 bytes)
1671449235.658477 sending message 112 to peer 0x55bce4b5a9c0 (10 bytes)
1671449235.658479 sending message 112 to peer 0x55bce4b5a9c0 (12 bytes)
1671449235.658482 sending message 112 to peer 0x55bce4b5a9c0 (13 bytes)
1671449235.658485 sending message 112 to peer 0x55bce4b5a9c0 (13 bytes)
1671449235.658487 sending message 112 to peer 0x55bce4b5a9c0 (13 bytes)
1671449235.658490 sending message 112 to peer 0x55bce4b5a9c0 (13 bytes)
1671449235.658492 sending message 112 to peer 0x55bce4b5a9c0 (13 bytes)
1671449235.658495 sending message 112 to peer 0x55bce4b5a9c0 (10 bytes)
1671449235.658497 sending message 112 to peer 0x55bce4b5a9c0 (11 bytes)
1671449235.658500 sending message 112 to peer 0x55bce4b5a9c0 (12 bytes)
1671449235.658503 sending message 112 to peer 0x55bce4b5a9c0 (12 bytes)
1671449235.658505 sending message 112 to peer 0x55bce4b5a9c0 (12 bytes)
1671449235.658508 sending message 112 to peer 0x55bce4b5a9c0 (12 bytes)
1671449235.658510 sending message 112 to peer 0x55bce4b5a9c0 (12 bytes)
1671449235.658513 sending message 112 to peer 0x55bce4b5a9c0 (11 bytes)
1671449235.658516 sending message 112 to peer 0x55bce4b5a9c0 (12 bytes)
1671449235.658518 sending message 112 to peer 0x55bce4b5a9c0 (12 bytes)
1671449235.658521 sending message 112 to peer 0x55bce4b5a9c0 (13 bytes)
1671449235.658523 sending message 112 to peer 0x55bce4b5a9c0 (13 bytes)
1671449235.658526 sending message 112 to peer 0x55bce4b5a9c0 (13 bytes)
1671449235.658529 sending message 112 to peer 0x55bce4b5a9c0 (13 bytes)
1671449235.658531 sending message 112 to peer 0x55bce4b5a9c0 (13 bytes)
1671449235.658534 sending message 112 to peer 0x55bce4b5a9c0 (10 bytes)
1671449235.658536 sending message 112 to peer 0x55bce4b5a9c0 (9 bytes)
1671449235.658539 sending message 112 to peer 0x55bce4b5a9c0 (12 bytes)
1671449235.658542 sending message 112 to peer 0x55bce4b5a9c0 (13 bytes)
1671449235.658544 sending message 112 to peer 0x55bce4b5a9c0 (13 bytes)
1671449235.658547 sending message 112 to peer 0x55bce4b5a9c0 (13 bytes)
1671449235.658550 sending message 112 to peer 0x55bce4b5a9c0 (13 bytes)
1671449235.658552 sending message 112 to peer 0x55bce4b5a9c0 (13 bytes)
1671449235.658555 sending message 112 to peer 0x55bce4b5a9c0 (9 bytes)
1671449235.658557 sending message 112 to peer 0x55bce4b5a9c0 (12 bytes)
1671449235.658562 sending message 112 to peer 0x55bce4b5a9c0 (13 bytes)
1671449235.658564 sending message 112 to peer 0x55bce4b5a9c0 (13 bytes)
1671449235.658567 sending message 112 to peer 0x55bce4b5a9c0 (13 bytes)
1671449235.658570 sending message 112 to peer 0x55bce4b5a9c0 (13 bytes)
1671449235.658572 sending message 112 to peer 0x55bce4b5a9c0 (13 bytes)
1671449235.658575 sending message 112 to peer 0x55bce4b5a9c0 (11 bytes)
1671449235.658577 sending message 112 to peer 0x55bce4b5a9c0 (12 bytes)
1671449235.658580 sending message 112 to peer 0x55bce4b5a9c0 (13 bytes)
1671449235.658584 sending message 112 to peer 0x55bce4b5a9c0 (13 bytes)
1671449235.658586 sending message 112 to peer 0x55bce4b5a9c0 (13 bytes)
1671449235.658589 sending message 112 to peer 0x55bce4b5a9c0 (13 bytes)
1671449235.658591 sending message 112 to peer 0x55bce4b5a9c0 (13 bytes)
1671449235.658594 sending message 112 to peer 0x55bce4b5a9c0 (11 bytes)
1671449235.658596 sending message 112 to peer 0x55bce4b5a9c0 (12 bytes)
1671449235.658599 sending message 112 to peer 0x55bce4b5a9c0 (12 bytes)
1671449235.658601 sending message 112 to peer 0x55bce4b5a9c0 (12 bytes)
1671449235.658604 sending message 112 to peer 0x55bce4b5a9c0 (12 bytes)
1671449235.658606 sending message 112 to peer 0x55bce4b5a9c0 (12 bytes)
1671449235.658609 sending message 112 to peer 0x55bce4b5a9c0 (21 bytes)
1671449235.658611 sending message 112 to peer 0x55bce4b5a9c0 (12 bytes)
1671449235.658614 sending message 112 to peer 0x55bce4b5a9c0 (9 bytes)
1671449235.658616 sending message 112 to peer 0x55bce4b5a9c0 (6 bytes)
1671449235.658619 sending message 112 to peer 0x55bce4b5a9c0 (13 bytes)
1671449235.658621 sending message 112 to peer 0x55bce4b5a9c0 (10 bytes)
1671449235.658625 sending message 112 to peer 0x55bce4b5a9c0 (24 bytes)
1671449235.658627 sending message 112 to peer 0x55bce4b5a9c0 (13 bytes)
1671449235.658630 sending message 112 to peer 0x55bce4b5a9c0 (9 bytes)
1671449235.658632 sending message 112 to peer 0x55bce4b5a9c0 (70 bytes)
1671449235.658635 sending message 112 to peer 0x55bce4b5a9c0 (69 bytes)
1671449235.658637 sending message 112 to peer 0x55bce4b5a9c0 (12 bytes)
1671449235.658640 sending message 112 to peer 0x55bce4b5a9c0 (10 bytes)
1671449235.658642 sending message 112 to peer 0x55bce4b5a9c0 (10 bytes)
1671449235.658645 sending message 112 to peer 0x55bce4b5a9c0 (24 bytes)
1671449235.658647 sending message 112 to peer 0x55bce4b5a9c0 (13 bytes)
1671449235.658650 sending message 112 to peer 0x55bce4b5a9c0 (10 bytes)
1671449235.658652 sending message 112 to peer 0x55bce4b5a9c0 (10 bytes)
1671449235.658655 sending message 112 to peer 0x55bce4b5a9c0 (10 bytes)
1671449235.658657 sending message 112 to peer 0x55bce4b5a9c0 (13 bytes)
1671449235.658660 sending message 112 to peer 0x55bce4b5a9c0 (15 bytes)
1671449235.658662 sending message 112 to peer 0x55bce4b5a9c0 (5 bytes)
1671449235.658667 sending message 104 to peer 0x55bce4b5a9c0 (0 bytes)
1671449235.658669 sending message 110 to peer 0x55bce4b5a9c0 (0 bytes)
1671449235.658672 sending message 107 to peer 0x55bce4b5a9c0 (4 bytes)
1671449235.658675 sending message 105 to peer 0x55bce4b5a9c0 (20 bytes)
1671449235.658677 sending message 105 to peer 0x55bce4b5a9c0 (54 bytes)
1671449235.658680 sending message 105 to peer 0x55bce4b5a9c0 (51 bytes)
1671449235.658683 sending message 105 to peer 0x55bce4b5a9c0 (23 bytes)
1671449235.658685 sending message 105 to peer 0x55bce4b5a9c0 (11 bytes)
1671449235.658687 sending message 105 to peer 0x55bce4b5a9c0 (18 bytes)
1671449235.658690 sending message 105 to peer 0x55bce4b5a9c0 (64 bytes)
1671449235.658692 sending message 105 to peer 0x55bce4b5a9c0 (36 bytes)
1671449235.658695 sending message 105 to peer 0x55bce4b5a9c0 (24 bytes)
1671449235.658698 sending message 105 to peer 0x55bce4b5a9c0 (33 bytes)
1671449235.658700 sending message 105 to peer 0x55bce4b5a9c0 (44 bytes)
1671449235.658703 sending message 105 to peer 0x55bce4b5a9c0 (32 bytes)
1671449235.658705 sending message 105 to peer 0x55bce4b5a9c0 (52 bytes)
1671449235.658709 sending message 105 to peer 0x55bce4b5a9c0 (28 bytes)
1671449235.658716 sending message 105 to peer 0x55bce4b5a9c0 (556 bytes)
1671449235.658718 sending message 105 to peer 0x55bce4b5a9c0 (24 bytes)
1671449235.658721 sending message 105 to peer 0x55bce4b5a9c0 (19 bytes)
1671449235.658724 sending message 105 to peer 0x55bce4b5a9c0 (15 bytes)
1671449235.658726 sending message 105 to peer 0x55bce4b5a9c0 (50 bytes)
1671449235.658729 sending message 105 to peer 0x55bce4b5a9c0 (43 bytes)
1671449235.658731 sending message 105 to peer 0x55bce4b5a9c0 (56 bytes)
1671449235.658734 sending message 105 to peer 0x55bce4b5a9c0 (86 bytes)
1671449235.658736 sending message 105 to peer 0x55bce4b5a9c0 (47 bytes)
1671449235.658739 sending message 105 to peer 0x55bce4b5a9c0 (23 bytes)
1671449235.658741 sending message 105 to peer 0x55bce4b5a9c0 (18 bytes)
1671449235.658744 sending message 105 to peer 0x55bce4b5a9c0 (17 bytes)
1671449235.658746 sending message 105 to peer 0x55bce4b5a9c0 (18 bytes)
1671449235.658749 sending message 105 to peer 0x55bce4b5a9c0 (8 bytes)
1671449235.658753 sending message 105 to peer 0x55bce4b5a9c0 (12 bytes)
1671449235.658755 sending message 105 to peer 0x55bce4b5a9c0 (32 bytes)
1671449235.658758 sending message 105 to peer 0x55bce4b5a9c0 (1519 bytes)
1671449235.658777 sending message 105 to peer 0x55bce4b5a9c0 (16 bytes)
1671449235.658780 sending message 105 to peer 0x55bce4b5a9c0 (54 bytes)
1671449235.658783 sending message 105 to peer 0x55bce4b5a9c0 (132 bytes)
1671449235.658786 sending message 105 to peer 0x55bce4b5a9c0 (50 bytes)
1671449235.658789 sending message 105 to peer 0x55bce4b5a9c0 (16 bytes)
1671449235.658791 sending message 105 to peer 0x55bce4b5a9c0 (23 bytes)
1671449235.658794 sending message 105 to peer 0x55bce4b5a9c0 (59 bytes)
1671449235.658797 sending message 105 to peer 0x55bce4b5a9c0 (37 bytes)
1671449235.658799 sending message 105 to peer 0x55bce4b5a9c0 (67 bytes)
1671449235.658802 sending message 105 to peer 0x55bce4b5a9c0 (10 bytes)
1671449235.658805 sending message 105 to peer 0x55bce4b5a9c0 (12 bytes)
1671449235.658807 sending message 105 to peer 0x55bce4b5a9c0 (11 bytes)
1671449235.658810 sending message 105 to peer 0x55bce4b5a9c0 (545 bytes)
1671449235.658813 sending message 105 to peer 0x55bce4b5a9c0 (27 bytes)
1671449235.658816 sending message 105 to peer 0x55bce4b5a9c0 (16 bytes)
1671449235.658818 sending message 105 to peer 0x55bce4b5a9c0 (19 bytes)
1671449235.658821 sending message 105 to peer 0x55bce4b5a9c0 (18 bytes)
1671449235.658824 sending message 105 to peer 0x55bce4b5a9c0 (78 bytes)
1671449235.658826 sending message 105 to peer 0x55bce4b5a9c0 (19 bytes)
1671449235.658829 sending message 105 to peer 0x55bce4b5a9c0 (8 bytes)
1671449235.658831 sending message 105 to peer 0x55bce4b5a9c0 (33 bytes)
1671449235.658834 sending message 105 to peer 0x55bce4b5a9c0 (41 bytes)
1671449235.658837 sending message 105 to peer 0x55bce4b5a9c0 (22 bytes)
1671449235.658840 sending message 105 to peer 0x55bce4b5a9c0 (20 bytes)
1671449235.658842 sending message 105 to peer 0x55bce4b5a9c0 (18 bytes)
1671449235.658845 sending message 105 to peer 0x55bce4b5a9c0 (26 bytes)
1671449235.658848 sending message 105 to peer 0x55bce4b5a9c0 (36 bytes)
1671449235.658850 sending message 105 to peer 0x55bce4b5a9c0 (13 bytes)
1671449235.658853 sending message 105 to peer 0x55bce4b5a9c0 (50 bytes)
1671449235.658856 sending message 105 to peer 0x55bce4b5a9c0 (9 bytes)
1671449235.658858 sending message 105 to peer 0x55bce4b5a9c0 (13 bytes)
1671449235.658861 sending message 105 to peer 0x55bce4b5a9c0 (18 bytes)
1671449235.658864 sending message 105 to peer 0x55bce4b5a9c0 (13 bytes)
1671449235.658866 sending message 105 to peer 0x55bce4b5a9c0 (41 bytes)
1671449235.658869 sending message 105 to peer 0x55bce4b5a9c0 (45 bytes)
1671449235.658872 sending message 105 to peer 0x55bce4b5a9c0 (33 bytes)
1671449235.658875 sending message 105 to peer 0x55bce4b5a9c0 (102 bytes)
1671449235.658877 sending message 105 to peer 0x55bce4b5a9c0 (23 bytes)
1671449235.658880 sending message 105 to peer 0x55bce4b5a9c0 (31 bytes)
1671449235.658885 sending message 105 to peer 0x55bce4b5a9c0 (23 bytes)
1671449235.658887 sending message 105 to peer 0x55bce4b5a9c0 (27 bytes)
1671449235.658890 sending message 105 to peer 0x55bce4b5a9c0 (21 bytes)
1671449235.658893 sending message 105 to peer 0x55bce4b5a9c0 (20 bytes)
1671449235.658895 sending message 105 to peer 0x55bce4b5a9c0 (25 bytes)
1671449235.658898 sending message 105 to peer 0x55bce4b5a9c0 (37 bytes)
1671449235.658901 sending message 105 to peer 0x55bce4b5a9c0 (30 bytes)
1671449235.658903 sending message 105 to peer 0x55bce4b5a9c0 (16 bytes)
1671449235.658906 sending message 105 to peer 0x55bce4b5a9c0 (20 bytes)
1671449235.658909 sending message 105 to peer 0x55bce4b5a9c0 (73 bytes)
1671449235.658912 sending message 106 to peer 0x55bce4b5a9c0 (0 bytes)
1671449235.658917 sending message 200 to peer 0x55bce4b5a9c0 (4 bytes)
1671449235.658920 client loop enter
1671449235.660360 peer 0x55bce4b5a9c0 message 303
1671449235.660371 open write file 2 -
1671449235.660378 sending message 305 to peer 0x55bce4b5a9c0 (8 bytes)
1671449235.660388 write check file 2
1671449235.660500 peer 0x55bce4b5a9c0 message 304
1671449235.660504 write 58 to file 2
1671449235.660508 peer 0x55bce4b5a9c0 message 203
1671449235.660511 file 2 58 bytes left
1671449235.660520 write check file 2
1671449235.660523 client loop exit
